Arguments: 
  /usr/bin/node /usr/share/yarn/bin/yarn.js add @babel/core @babel/preset-env @babel/preset-react —save-dev —save-exac

PATH: 
  ./bin:./node_modules/.bin:/home/cawai/.pyenv/bin:/home/cawai/.rbenv/bin:/usr/local/sbin:/usr/local/bin:/usr/sbin:/usr/bin:/sbin:/bin:/usr/games:/usr/local/games:/snap/bin:/usr/local/sbin

Yarn version: 
  1.21.1

Node version: 
  10.18.1

Platform: 
  linux x64

Trace: 
  TypeError [ERR_UNESCAPED_CHARACTERS]: https://registry.yarnpkg.com/—save-dev: Request path contains unescaped characters
      at new ClientRequest (_http_client.js:115:13)
      at Object.request (https.js:289:10)
      at Request.module.exports.Request.start (/usr/share/yarn/lib/cli.js:141227:32)
      at Request.module.exports.Request.end (/usr/share/yarn/lib/cli.js:141986:10)
      at end (/usr/share/yarn/lib/cli.js:141040:14)
      at Immediate.<anonymous> (/usr/share/yarn/lib/cli.js:141054:7)
      at runCallback (timers.js:705:18)
      at tryOnImmediate (timers.js:676:5)
      at processImmediate (timers.js:658:5)

npm manifest: 
  {
    "name": "@lucascawai/components-library-test",
    "description": "A components package test",
    "version": "1.0.4",
    "main": "webpack.config.js",
    "repository": {
      "type": "git",
      "url": "git+https://github.com/lucascawai/components-library.git"
    },
    "keywords": [
      "components"
    ],
    "author": "Lucas Cawai",
    "license": "ISC",
    "bugs": {
      "url": "https://github.com/lucascawai/components-library/issues"
    },
    "homepage": "https://github.com/lucascawai/components-library#readme",
    "peerdependencies": {
      "react": "^16.12.0",
      "react-dom": "^16.12.0"
    },
    "scripts": {
      "story": "start-storybook"
    }
  }

yarn manifest: 
  No manifest

Lockfile: 
  # THIS IS AN AUTOGENERATED FILE. DO NOT EDIT THIS FILE DIRECTLY.
  # yarn lockfile v1
